<?xml version="1.0" encoding="UTF-8"?>
<!-- Generated by org.testng.reporters.JUnitXMLReporter -->
<testsuite ignored="1" hostname="B4PRKP2" failures="0" tests="1" name="Default test" time="0.638" errors="0" timestamp="2023-05-14T12:31:54 IST">
  <testcase classname="com.rest.api.post.Serialization_Deserialization" name="JSON_to_POJO" time="0.543"/>
  <testcase classname="com.rest.api.post.Serialization_Deserialization" name="POJO_to_JSON" time="0.0">
    <ignored/>
  </testcase> <!-- POJO_to_JSON -->
</testsuite> <!-- Default test -->
