<?xml version="1.0" encoding="UTF-8"?>
<testng-results ignored="0" total="1" passed="1" failed="0" skipped="0">
  <reporter-output>
  </reporter-output>
  <suite started-at="2023-04-17T01:47:40 IST" name="Default suite" finished-at="2023-04-17T01:47:46 IST" duration-ms="5630">
    <groups>
    </groups>
    <test started-at="2023-04-17T01:47:40 IST" name="Default test" finished-at="2023-04-17T01:47:46 IST" duration-ms="5630">
      <class name="com.rest.api.delete.delete_APIs">
        <test-method signature="delete_user_APIs()[pri:0, instance:com.rest.api.delete.delete_APIs@1ab3a8c8]" started-at="2023-04-17T01:47:40 IST" name="delete_user_APIs" finished-at="2023-04-17T01:47:46 IST" duration-ms="5533" status="PASS">
          <reporter-output>
          </reporter-output>
        </test-method> <!-- delete_user_APIs -->
      </class> <!-- com.rest.api.delete.delete_APIs -->
    </test> <!-- Default test -->
  </suite> <!-- Default suite -->
</testng-results>
